000 (253683.000.000) 2024-04-28 23:44:07 Job submitted from host: <128.104.100.148:9618?addrs=128.104.100.148-9618+[2607-f388-107c-501-216-3eff-feb2-bc11]-9618&alias=learn.chtc.wisc.edu&noUDP&sock=schedd_1351356_64bc>
...
040 (253683.000.000) 2024-04-28 23:44:24 Started transferring input files
	Transferring to host: <128.105.69.157:9618?addrs=128.105.69.157-9618+[2607-f388-2200-100-1270-fdff-fe56-c3a4]-9618&alias=e4090.chtc.wisc.edu&noUDP&sock=slot1_88_1943499_9cd1_44480>
...
040 (253683.000.000) 2024-04-28 23:44:28 Finished transferring input files
...
001 (253683.000.000) 2024-04-28 23:44:29 Job executing on host: <128.105.69.157:9618?addrs=128.105.69.157-9618+[2607-f388-2200-100-1270-fdff-fe56-c3a4]-9618&alias=e4090.chtc.wisc.edu&noUDP&sock=startd_449834_4971>
	SlotName: slot1_88@e4090.chtc.wisc.edu
	CondorScratchDir = "/var/lib/condor/execute/slot1/dir_1215657"
	Cpus = 1
	Disk = 10486913
	GPUs = 0
	IoHeavy = 0
	Memory = 4096
...
006 (253683.000.000) 2024-04-28 23:44:34 Image size of job updated: 256
	1  -  MemoryUsage of job (MB)
	8  -  ResidentSetSize of job (KB)
...
040 (253683.000.000) 2024-04-28 23:44:34 Started transferring output files
...
040 (253683.000.000) 2024-04-28 23:44:34 Finished transferring output files
...
005 (253683.000.000) 2024-04-28 23:44:34 Job terminated.
	(1) Normal termination (return value 1)
		Usr 0 00:00:00, Sys 0 00:00:00  -  Run Remote Usage
		Usr 0 00:00:00, Sys 0 00:00:00  -  Run Local Usage
		Usr 0 00:00:00, Sys 0 00:00:00  -  Total Remote Usage
		Usr 0 00:00:00, Sys 0 00:00:00  -  Total Local Usage
	2298  -  Run Bytes Sent By Job
	161134688  -  Run Bytes Received By Job
	2298  -  Total Bytes Sent By Job
	161134688  -  Total Bytes Received By Job
	Partitionable Resources :    Usage  Request Allocated 
	   Cpus                 :        0        1         1 
	   Disk (KB)            :   689357 10485760  10486913 
	   GPUs                 :                           0 
	   IoHeavy              :                           0 
	   Memory (MB)          :        1     4096      4096 
	   TimeExecute (s)      :        5                    
	   TimeSlotBusy (s)     :       11                    

	Job terminated of its own accord at 2024-04-29T04:44:34Z with exit-code 1.
...
