Collecting kaggle
  Using cached kaggle-1.6.12.tar.gz (79 kB)
  Preparing metadata (setup.py): started
  Preparing metadata (setup.py): finished with status 'done'
Collecting numpy
  Using cached numpy-1.21.6-cp37-cp37m-manylinux_2_12_x86_64.manylinux2010_x86_64.whl (15.7 MB)
Collecting pandas
  Using cached pandas-1.3.5-cp37-cp37m-manylinux_2_17_x86_64.manylinux2014_x86_64.whl (11.3 MB)
Collecting scikit-learn
  Using cached scikit_learn-1.0.2-cp37-cp37m-manylinux_2_17_x86_64.manylinux2014_x86_64.whl (24.8 MB)
Collecting matplotlib
  Using cached matplotlib-3.5.3-cp37-cp37m-manylinux_2_5_x86_64.manylinux1_x86_64.whl (11.2 MB)
Collecting seaborn
  Using cached seaborn-0.12.2-py3-none-any.whl (293 kB)
Collecting six>=1.10
  Using cached six-1.16.0-py2.py3-none-any.whl (11 kB)
Collecting certifi>=2023.7.22
  Using cached certifi-2024.2.2-py3-none-any.whl (163 kB)
Collecting python-dateutil
  Using cached python_dateutil-2.9.0.post0-py2.py3-none-any.whl (229 kB)
Collecting requests
  Using cached requests-2.31.0-py3-none-any.whl (62 kB)
Collecting tqdm
  Using cached tqdm-4.66.2-py3-none-any.whl (78 kB)
Collecting python-slugify
  Using cached python_slugify-8.0.4-py2.py3-none-any.whl (10 kB)
Collecting urllib3
  Using cached urllib3-2.0.7-py3-none-any.whl (124 kB)
Collecting bleach
  Using cached bleach-6.0.0-py3-none-any.whl (162 kB)
Collecting pytz>=2017.3
  Using cached pytz-2024.1-py2.py3-none-any.whl (505 kB)
Collecting scipy>=1.1.0
  Using cached scipy-1.7.3-cp37-cp37m-manylinux_2_12_x86_64.manylinux2010_x86_64.whl (38.1 MB)
Collecting joblib>=0.11
  Using cached joblib-1.3.2-py3-none-any.whl (302 kB)
Collecting threadpoolctl>=2.0.0
  Using cached threadpoolctl-3.1.0-py3-none-any.whl (14 kB)
Collecting pyparsing>=2.2.1
  Using cached pyparsing-3.1.2-py3-none-any.whl (103 kB)
Collecting fonttools>=4.22.0
  Using cached fonttools-4.38.0-py3-none-any.whl (965 kB)
Collecting cycler>=0.10
  Using cached cycler-0.11.0-py3-none-any.whl (6.4 kB)
Collecting packaging>=20.0
  Using cached packaging-24.0-py3-none-any.whl (53 kB)
Collecting pillow>=6.2.0
  Using cached Pillow-9.5.0-cp37-cp37m-manylinux_2_28_x86_64.whl (3.4 MB)
Collecting kiwisolver>=1.0.1
  Using cached kiwisolver-1.4.5-cp37-cp37m-manylinux_2_5_x86_64.manylinux1_x86_64.whl (1.1 MB)
Collecting typing_extensions
  Using cached typing_extensions-4.7.1-py3-none-any.whl (33 kB)
Collecting webencodings
  Using cached webencodings-0.5.1-py2.py3-none-any.whl (11 kB)
Collecting text-unidecode>=1.3
  Using cached text_unidecode-1.3-py2.py3-none-any.whl (78 kB)
Collecting charset-normalizer<4,>=2
  Using cached charset_normalizer-3.3.2-cp37-cp37m-manylinux_2_17_x86_64.manylinux2014_x86_64.whl (136 kB)
Collecting idna<4,>=2.5
  Using cached idna-3.7-py3-none-any.whl (66 kB)
Using legacy 'setup.py install' for kaggle, since package 'wheel' is not installed.
Installing collected packages: webencodings, text-unidecode, pytz, urllib3, typing_extensions, tqdm, threadpoolctl, six, python-slugify, pyparsing, pillow, packaging, numpy, joblib, idna, fonttools, cycler, charset-normalizer, certifi, scipy, requests, python-dateutil, kiwisolver, bleach, scikit-learn, pandas, matplotlib, kaggle, seaborn
  Running setup.py install for kaggle: started
  Running setup.py install for kaggle: finished with status 'done'
Successfully installed bleach-6.0.0 certifi-2024.2.2 charset-normalizer-3.3.2 cycler-0.11.0 fonttools-4.38.0 idna-3.7 joblib-1.3.2 kaggle-1.6.12 kiwisolver-1.4.5 matplotlib-3.5.3 numpy-1.21.6 packaging-24.0 pandas-1.3.5 pillow-9.5.0 pyparsing-3.1.2 python-dateutil-2.9.0.post0 python-slugify-8.0.4 pytz-2024.1 requests-2.31.0 scikit-learn-1.0.2 scipy-1.7.3 seaborn-0.12.2 six-1.16.0 text-unidecode-1.3 threadpoolctl-3.1.0 tqdm-4.66.2 typing_extensions-4.7.1 urllib3-2.0.7 webencodings-0.5.1
Kaggle API 1.6.12
Dataset URL: https://www.kaggle.com/datasets/gsimonx37/letterboxd
License(s): GPL-3.0
Downloading letterboxd.zip to /var/lib/condor/execute/slot1/dir_3526432

minute: 0.011311917012825922
year: -3.3306690738754696e-16
genre_Action: -0.6174866459917985
genre_Adventure: -0.5427838872836614
genre_Animation: -0.02316642403225703
genre_Comedy: -0.35178141500309007
genre_Crime: -0.19305993549373063
genre_Documentary: 0.24032513773235759
genre_Drama: -0.04669762291322371
genre_Family: -0.5261524888435989
genre_Fantasy: -0.45001545414894056
genre_History: 0.0936982712479018
genre_Horror: -0.9108186624306611
genre_Music: 0.12802885584905507
genre_Mystery: -0.35886526160414794
genre_Romance: -0.2767231610459799
genre_Science Fiction: -0.7056841133516069
genre_TV Movie: -0.49398922593537825
genre_Thriller: -0.6210660613745453
genre_War: 0.052700062345219255
genre_Western: -0.04300098850451541
cluster: 0.21058153582686587
