000 (254056.000.000) 2024-05-01 18:03:01 Job submitted from host: <128.104.100.148:9618?addrs=128.104.100.148-9618+[2607-f388-107c-501-216-3eff-feb2-bc11]-9618&alias=learn.chtc.wisc.edu&noUDP&sock=schedd_1351356_64bc>
...
040 (254056.000.000) 2024-05-01 18:03:08 Started transferring input files
	Transferring to host: <128.105.69.192:9618?addrs=128.105.69.192-9618+[2607-f388-2200-100-1270-fdff-fe56-bc04]-9618&alias=build4002.chtc.wisc.edu&noUDP&sock=interactive3_1_1095235_e312_122383>
...
040 (254056.000.000) 2024-05-01 18:03:09 Finished transferring input files
...
001 (254056.000.000) 2024-05-01 18:03:10 Job executing on host: <128.105.69.192:9618?addrs=128.105.69.192-9618+[2607-f388-2200-100-1270-fdff-fe56-bc04]-9618&alias=build4002.chtc.wisc.edu&noUDP&sock=startd_2072560_59af>
	SlotName: interactive3_1@build4002.chtc.wisc.edu
	CondorScratchDir = "/var/lib/condor/execute/slot3/dir_939938"
	Cpus = 1
	Disk = 52429953
	GPUs = 0
	IoHeavy = 0
	Memory = 5120
...
006 (254056.000.000) 2024-05-01 18:03:19 Image size of job updated: 1188
	1  -  MemoryUsage of job (MB)
	636  -  ResidentSetSize of job (KB)
...
006 (254056.000.000) 2024-05-01 18:03:21 Image size of job updated: 4172
	6  -  MemoryUsage of job (MB)
	5804  -  ResidentSetSize of job (KB)
...
006 (254056.000.000) 2024-05-01 18:08:20 Image size of job updated: 5241604
	5119  -  MemoryUsage of job (MB)
	5241088  -  ResidentSetSize of job (KB)
...
006 (254056.000.000) 2024-05-01 18:13:23 Image size of job updated: 5241604
	5119  -  MemoryUsage of job (MB)
	5241344  -  ResidentSetSize of job (KB)
...
006 (254056.000.000) 2024-05-01 19:03:24 Image size of job updated: 5241616
	5119  -  MemoryUsage of job (MB)
	5241344  -  ResidentSetSize of job (KB)
...
006 (254056.000.000) 2024-05-01 19:08:24 Image size of job updated: 5241616
	5119  -  MemoryUsage of job (MB)
	5241360  -  ResidentSetSize of job (KB)
...
007 (254056.000.000) 2024-05-01 19:23:39 Shadow exception!
	Error from interactive3_1@build4002.chtc.wisc.edu: Job has gone over cgroup memory limit of 5120 megabytes. Peak usage: 5118 megabytes.  Consider resubmitting with a higher request_memory.
	0  -  Run Bytes Sent By Job
	9454  -  Run Bytes Received By Job
...
009 (254056.000.000) 2024-05-01 19:23:39 Job was aborted.
	via condor_rm (by user jrchristens2)

	Job terminated by itself at 2024-05-01T23:03:21Z (using method 0: OF_ITS_OWN_ACCORD).
...
000 (254062.000.000) 2024-05-01 19:27:43 Job submitted from host: <128.104.100.148:9618?addrs=128.104.100.148-9618+[2607-f388-107c-501-216-3eff-feb2-bc11]-9618&alias=learn.chtc.wisc.edu&noUDP&sock=schedd_1351356_64bc>
...
040 (254062.000.000) 2024-05-01 19:27:47 Started transferring input files
	Transferring to host: <128.105.69.192:9618?addrs=128.105.69.192-9618+[2607-f388-2200-100-1270-fdff-fe56-bc04]-9618&alias=build4002.chtc.wisc.edu&noUDP&sock=interactive3_1_1095235_e312_122701>
...
040 (254062.000.000) 2024-05-01 19:27:48 Finished transferring input files
...
001 (254062.000.000) 2024-05-01 19:27:49 Job executing on host: <128.105.69.192:9618?addrs=128.105.69.192-9618+[2607-f388-2200-100-1270-fdff-fe56-bc04]-9618&alias=build4002.chtc.wisc.edu&noUDP&sock=startd_2072560_59af>
	SlotName: interactive3_1@build4002.chtc.wisc.edu
	CondorScratchDir = "/var/lib/condor/execute/slot3/dir_3132576"
	Cpus = 1
	Disk = 52429953
	GPUs = 0
	IoHeavy = 0
	Memory = 5120
...
006 (254062.000.000) 2024-05-01 19:27:58 Image size of job updated: 1000
	1  -  MemoryUsage of job (MB)
	620  -  ResidentSetSize of job (KB)
...
006 (254062.000.000) 2024-05-01 19:28:03 Image size of job updated: 6424
	8  -  MemoryUsage of job (MB)
	7932  -  ResidentSetSize of job (KB)
...
006 (254062.000.000) 2024-05-01 19:33:00 Image size of job updated: 5241604
	5119  -  MemoryUsage of job (MB)
	5241152  -  ResidentSetSize of job (KB)
...
006 (254062.000.000) 2024-05-01 19:38:04 Image size of job updated: 5241612
	5119  -  MemoryUsage of job (MB)
	5241152  -  ResidentSetSize of job (KB)
...
006 (254062.000.000) 2024-05-01 19:48:02 Image size of job updated: 5241616
	5119  -  MemoryUsage of job (MB)
	5241152  -  ResidentSetSize of job (KB)
...
