000 (253951.000.000) 2024-05-01 00:22:03 Job submitted from host: <128.104.100.148:9618?addrs=128.104.100.148-9618+[2607-f388-107c-501-216-3eff-feb2-bc11]-9618&alias=learn.chtc.wisc.edu&noUDP&sock=schedd_1351356_64bc>
...
040 (253951.000.000) 2024-05-01 00:22:19 Started transferring input files
	Transferring to host: <128.105.69.100:9618?addrs=128.105.69.100-9618+[2607-f388-2200-100-1270-fdff-fe56-4634]-9618&alias=e4011.chtc.wisc.edu&noUDP&sock=slot1_52_1508296_ba8f_53157>
...
040 (253951.000.000) 2024-05-01 00:22:20 Finished transferring input files
...
001 (253951.000.000) 2024-05-01 00:22:21 Job executing on host: <128.105.69.100:9618?addrs=128.105.69.100-9618+[2607-f388-2200-100-1270-fdff-fe56-4634]-9618&alias=e4011.chtc.wisc.edu&noUDP&sock=startd_3796853_ed83>
	SlotName: slot1_52@e4011.chtc.wisc.edu
	CondorScratchDir = "/var/lib/condor/execute/slot1/dir_511775"
	Cpus = 1
	Disk = 31458433
	GPUs = 0
	IoHeavy = 0
	Memory = 3072
...
006 (253951.000.000) 2024-05-01 00:22:29 Image size of job updated: 650736
	636  -  MemoryUsage of job (MB)
	650736  -  ResidentSetSize of job (KB)
...
006 (253951.000.000) 2024-05-01 00:27:30 Image size of job updated: 3145732
	3072  -  MemoryUsage of job (MB)
	3145544  -  ResidentSetSize of job (KB)
...
007 (253951.000.000) 2024-05-01 00:27:33 Shadow exception!
	Error from slot1_52@e4011.chtc.wisc.edu: disk usage exceeded request_disk
	0  -  Run Bytes Sent By Job
	1078  -  Run Bytes Received By Job
...
012 (253951.000.000) 2024-05-01 00:27:33 Job was held.
	Error from slot1_52@e4011.chtc.wisc.edu: disk usage exceeded request_disk
	Code 21 Subcode 103
...
009 (253951.000.000) 2024-05-01 00:29:03 Job was aborted.
	via condor_rm (by user jrchristens2)
...
000 (253952.000.000) 2024-05-01 00:29:14 Job submitted from host: <128.104.100.148:9618?addrs=128.104.100.148-9618+[2607-f388-107c-501-216-3eff-feb2-bc11]-9618&alias=learn.chtc.wisc.edu&noUDP&sock=schedd_1351356_64bc>
...
040 (253952.000.000) 2024-05-01 00:29:19 Started transferring input files
	Transferring to host: <128.105.69.181:9618?addrs=128.105.69.181-9618+[2607-f388-2200-100-1270-fdff-fe56-bd24]-9618&alias=e2564.chtc.wisc.edu&noUDP&sock=slot1_6_1797376_bd7b_48751>
...
040 (253952.000.000) 2024-05-01 00:29:20 Finished transferring input files
...
001 (253952.000.000) 2024-05-01 00:29:21 Job executing on host: <128.105.69.181:9618?addrs=128.105.69.181-9618+[2607-f388-2200-100-1270-fdff-fe56-bd24]-9618&alias=e2564.chtc.wisc.edu&noUDP&sock=startd_12623_e813>
	SlotName: slot1_6@e2564.chtc.wisc.edu
	CondorScratchDir = "/var/lib/condor/execute/slot1/dir_3631695"
	Cpus = 1
	Disk = 52429953
	GPUs = 0
	IoHeavy = 0
	Memory = 3072
...
006 (253952.000.000) 2024-05-01 00:29:30 Image size of job updated: 734972
	712  -  MemoryUsage of job (MB)
	729044  -  ResidentSetSize of job (KB)
...
006 (253952.000.000) 2024-05-01 00:29:32 Image size of job updated: 830936
	735  -  MemoryUsage of job (MB)
	752480  -  ResidentSetSize of job (KB)
...
004 (253952.000.000) 2024-05-01 00:29:32 Job was evicted.
	(0) CPU times
		Usr 0 00:00:08, Sys 0 00:00:01  -  Run Remote Usage
		Usr 0 00:00:00, Sys 0 00:00:00  -  Run Local Usage
	0  -  Run Bytes Sent By Job
	853  -  Run Bytes Received By Job
	Partitionable Resources :    Usage  Request Allocated 
	   Cpus                 :        0        1         1 
	   Disk (KB)            :   659165 52428800  52429953 
	   GPUs                 :                           0 
	   IoHeavy              :                           0 
	   Memory (MB)          :      735     3072      3072 
	   TimeExecute (s)      :       11                    
	   TimeSlotBusy (s)     :       13                    
...
009 (253952.000.000) 2024-05-01 00:29:32 Job was aborted.
	via condor_rm (by user jrchristens2)
...
000 (253953.000.000) 2024-05-01 00:29:40 Job submitted from host: <128.104.100.148:9618?addrs=128.104.100.148-9618+[2607-f388-107c-501-216-3eff-feb2-bc11]-9618&alias=learn.chtc.wisc.edu&noUDP&sock=schedd_1351356_64bc>
...
007 (253953.000.000) 2024-05-01 00:30:22 Shadow exception!
	Error from slot1_43@e4005.chtc.wisc.edu: Assertion ERROR on (lvm_setup_successful)
	0  -  Run Bytes Sent By Job
	0  -  Run Bytes Received By Job
...
007 (253953.000.000) 2024-05-01 00:30:28 Shadow exception!
	Error from slot1_43@e4005.chtc.wisc.edu: Assertion ERROR on (lvm_setup_successful)
	0  -  Run Bytes Sent By Job
	0  -  Run Bytes Received By Job
...
007 (253953.000.000) 2024-05-01 00:30:34 Shadow exception!
	Error from slot1_43@e4005.chtc.wisc.edu: Assertion ERROR on (lvm_setup_successful)
	0  -  Run Bytes Sent By Job
	0  -  Run Bytes Received By Job
...
007 (253953.000.000) 2024-05-01 00:30:40 Shadow exception!
	Error from slot1_43@e4005.chtc.wisc.edu: Assertion ERROR on (lvm_setup_successful)
	0  -  Run Bytes Sent By Job
	0  -  Run Bytes Received By Job
...
007 (253953.000.000) 2024-05-01 00:30:46 Shadow exception!
	Error from slot1_43@e4005.chtc.wisc.edu: Assertion ERROR on (lvm_setup_successful)
	0  -  Run Bytes Sent By Job
	0  -  Run Bytes Received By Job
...
007 (253953.000.000) 2024-05-01 00:31:21 Shadow exception!
	Error from slot1_43@e4005.chtc.wisc.edu: Assertion ERROR on (lvm_setup_successful)
	0  -  Run Bytes Sent By Job
	0  -  Run Bytes Received By Job
...
007 (253953.000.000) 2024-05-01 00:31:27 Shadow exception!
	Error from slot1_43@e4005.chtc.wisc.edu: Assertion ERROR on (lvm_setup_successful)
	0  -  Run Bytes Sent By Job
	0  -  Run Bytes Received By Job
...
007 (253953.000.000) 2024-05-01 00:31:33 Shadow exception!
	Error from slot1_43@e4005.chtc.wisc.edu: Assertion ERROR on (lvm_setup_successful)
	0  -  Run Bytes Sent By Job
	0  -  Run Bytes Received By Job
...
007 (253953.000.000) 2024-05-01 00:31:39 Shadow exception!
	Error from slot1_43@e4005.chtc.wisc.edu: Assertion ERROR on (lvm_setup_successful)
	0  -  Run Bytes Sent By Job
	0  -  Run Bytes Received By Job
...
007 (253953.000.000) 2024-05-01 00:32:20 Shadow exception!
	Error from slot1_43@e4005.chtc.wisc.edu: Assertion ERROR on (lvm_setup_successful)
	0  -  Run Bytes Sent By Job
	0  -  Run Bytes Received By Job
...
007 (253953.000.000) 2024-05-01 00:32:26 Shadow exception!
	Error from slot1_43@e4005.chtc.wisc.edu: Assertion ERROR on (lvm_setup_successful)
	0  -  Run Bytes Sent By Job
	0  -  Run Bytes Received By Job
...
007 (253953.000.000) 2024-05-01 00:32:32 Shadow exception!
	Error from slot1_43@e4005.chtc.wisc.edu: Assertion ERROR on (lvm_setup_successful)
	0  -  Run Bytes Sent By Job
	0  -  Run Bytes Received By Job
...
007 (253953.000.000) 2024-05-01 00:32:38 Shadow exception!
	Error from slot1_43@e4005.chtc.wisc.edu: Assertion ERROR on (lvm_setup_successful)
	0  -  Run Bytes Sent By Job
	0  -  Run Bytes Received By Job
...
007 (253953.000.000) 2024-05-01 00:32:44 Shadow exception!
	Error from slot1_43@e4005.chtc.wisc.edu: Assertion ERROR on (lvm_setup_successful)
	0  -  Run Bytes Sent By Job
	0  -  Run Bytes Received By Job
...
007 (253953.000.000) 2024-05-01 00:33:21 Shadow exception!
	Error from slot1_43@e4005.chtc.wisc.edu: Assertion ERROR on (lvm_setup_successful)
	0  -  Run Bytes Sent By Job
	0  -  Run Bytes Received By Job
...
007 (253953.000.000) 2024-05-01 00:33:27 Shadow exception!
	Error from slot1_43@e4005.chtc.wisc.edu: Assertion ERROR on (lvm_setup_successful)
	0  -  Run Bytes Sent By Job
	0  -  Run Bytes Received By Job
...
007 (253953.000.000) 2024-05-01 00:33:33 Shadow exception!
	Error from slot1_43@e4005.chtc.wisc.edu: Assertion ERROR on (lvm_setup_successful)
	0  -  Run Bytes Sent By Job
	0  -  Run Bytes Received By Job
...
007 (253953.000.000) 2024-05-01 00:33:39 Shadow exception!
	Error from slot1_43@e4005.chtc.wisc.edu: Assertion ERROR on (lvm_setup_successful)
	0  -  Run Bytes Sent By Job
	0  -  Run Bytes Received By Job
...
007 (253953.000.000) 2024-05-01 00:33:45 Shadow exception!
	Error from slot1_43@e4005.chtc.wisc.edu: Assertion ERROR on (lvm_setup_successful)
	0  -  Run Bytes Sent By Job
	0  -  Run Bytes Received By Job
...
007 (253953.000.000) 2024-05-01 00:34:20 Shadow exception!
	Error from slot1_43@e4005.chtc.wisc.edu: Assertion ERROR on (lvm_setup_successful)
	0  -  Run Bytes Sent By Job
	0  -  Run Bytes Received By Job
...
007 (253953.000.000) 2024-05-01 00:34:26 Shadow exception!
	Error from slot1_43@e4005.chtc.wisc.edu: Assertion ERROR on (lvm_setup_successful)
	0  -  Run Bytes Sent By Job
	0  -  Run Bytes Received By Job
...
007 (253953.000.000) 2024-05-01 00:34:32 Shadow exception!
	Error from slot1_43@e4005.chtc.wisc.edu: Assertion ERROR on (lvm_setup_successful)
	0  -  Run Bytes Sent By Job
	0  -  Run Bytes Received By Job
...
007 (253953.000.000) 2024-05-01 00:34:38 Shadow exception!
	Error from slot1_43@e4005.chtc.wisc.edu: Assertion ERROR on (lvm_setup_successful)
	0  -  Run Bytes Sent By Job
	0  -  Run Bytes Received By Job
...
007 (253953.000.000) 2024-05-01 00:34:44 Shadow exception!
	Error from slot1_43@e4005.chtc.wisc.edu: Assertion ERROR on (lvm_setup_successful)
	0  -  Run Bytes Sent By Job
	0  -  Run Bytes Received By Job
...
007 (253953.000.000) 2024-05-01 00:35:20 Shadow exception!
	Error from slot1_43@e4005.chtc.wisc.edu: Assertion ERROR on (lvm_setup_successful)
	0  -  Run Bytes Sent By Job
	0  -  Run Bytes Received By Job
...
007 (253953.000.000) 2024-05-01 00:35:26 Shadow exception!
	Error from slot1_43@e4005.chtc.wisc.edu: Assertion ERROR on (lvm_setup_successful)
	0  -  Run Bytes Sent By Job
	0  -  Run Bytes Received By Job
...
007 (253953.000.000) 2024-05-01 00:35:32 Shadow exception!
	Error from slot1_43@e4005.chtc.wisc.edu: Assertion ERROR on (lvm_setup_successful)
	0  -  Run Bytes Sent By Job
	0  -  Run Bytes Received By Job
...
007 (253953.000.000) 2024-05-01 00:35:38 Shadow exception!
	Error from slot1_43@e4005.chtc.wisc.edu: Assertion ERROR on (lvm_setup_successful)
	0  -  Run Bytes Sent By Job
	0  -  Run Bytes Received By Job
...
007 (253953.000.000) 2024-05-01 00:35:44 Shadow exception!
	Error from slot1_43@e4005.chtc.wisc.edu: Assertion ERROR on (lvm_setup_successful)
	0  -  Run Bytes Sent By Job
	0  -  Run Bytes Received By Job
...
007 (253953.000.000) 2024-05-01 00:36:21 Shadow exception!
	Error from slot1_43@e4005.chtc.wisc.edu: Assertion ERROR on (lvm_setup_successful)
	0  -  Run Bytes Sent By Job
	0  -  Run Bytes Received By Job
...
007 (253953.000.000) 2024-05-01 00:36:27 Shadow exception!
	Error from slot1_43@e4005.chtc.wisc.edu: Assertion ERROR on (lvm_setup_successful)
	0  -  Run Bytes Sent By Job
	0  -  Run Bytes Received By Job
...
007 (253953.000.000) 2024-05-01 00:36:33 Shadow exception!
	Error from slot1_43@e4005.chtc.wisc.edu: Assertion ERROR on (lvm_setup_successful)
	0  -  Run Bytes Sent By Job
	0  -  Run Bytes Received By Job
...
007 (253953.000.000) 2024-05-01 00:36:39 Shadow exception!
	Error from slot1_43@e4005.chtc.wisc.edu: Assertion ERROR on (lvm_setup_successful)
	0  -  Run Bytes Sent By Job
	0  -  Run Bytes Received By Job
...
007 (253953.000.000) 2024-05-01 00:36:45 Shadow exception!
	Error from slot1_43@e4005.chtc.wisc.edu: Assertion ERROR on (lvm_setup_successful)
	0  -  Run Bytes Sent By Job
	0  -  Run Bytes Received By Job
...
007 (253953.000.000) 2024-05-01 00:37:20 Shadow exception!
	Error from slot1_43@e4005.chtc.wisc.edu: Assertion ERROR on (lvm_setup_successful)
	0  -  Run Bytes Sent By Job
	0  -  Run Bytes Received By Job
...
007 (253953.000.000) 2024-05-01 00:37:26 Shadow exception!
	Error from slot1_43@e4005.chtc.wisc.edu: Assertion ERROR on (lvm_setup_successful)
	0  -  Run Bytes Sent By Job
	0  -  Run Bytes Received By Job
...
007 (253953.000.000) 2024-05-01 00:37:32 Shadow exception!
	Error from slot1_43@e4005.chtc.wisc.edu: Assertion ERROR on (lvm_setup_successful)
	0  -  Run Bytes Sent By Job
	0  -  Run Bytes Received By Job
...
007 (253953.000.000) 2024-05-01 00:37:38 Shadow exception!
	Error from slot1_43@e4005.chtc.wisc.edu: Assertion ERROR on (lvm_setup_successful)
	0  -  Run Bytes Sent By Job
	0  -  Run Bytes Received By Job
...
007 (253953.000.000) 2024-05-01 00:37:44 Shadow exception!
	Error from slot1_43@e4005.chtc.wisc.edu: Assertion ERROR on (lvm_setup_successful)
	0  -  Run Bytes Sent By Job
	0  -  Run Bytes Received By Job
...
007 (253953.000.000) 2024-05-01 00:38:20 Shadow exception!
	Error from slot1_43@e4005.chtc.wisc.edu: Assertion ERROR on (lvm_setup_successful)
	0  -  Run Bytes Sent By Job
	0  -  Run Bytes Received By Job
...
007 (253953.000.000) 2024-05-01 00:38:26 Shadow exception!
	Error from slot1_43@e4005.chtc.wisc.edu: Assertion ERROR on (lvm_setup_successful)
	0  -  Run Bytes Sent By Job
	0  -  Run Bytes Received By Job
...
007 (253953.000.000) 2024-05-01 00:38:32 Shadow exception!
	Error from slot1_43@e4005.chtc.wisc.edu: Assertion ERROR on (lvm_setup_successful)
	0  -  Run Bytes Sent By Job
	0  -  Run Bytes Received By Job
...
007 (253953.000.000) 2024-05-01 00:38:38 Shadow exception!
	Error from slot1_43@e4005.chtc.wisc.edu: Assertion ERROR on (lvm_setup_successful)
	0  -  Run Bytes Sent By Job
	0  -  Run Bytes Received By Job
...
007 (253953.000.000) 2024-05-01 00:38:44 Shadow exception!
	Error from slot1_43@e4005.chtc.wisc.edu: Assertion ERROR on (lvm_setup_successful)
	0  -  Run Bytes Sent By Job
	0  -  Run Bytes Received By Job
...
007 (253953.000.000) 2024-05-01 00:39:20 Shadow exception!
	Error from slot1_43@e4005.chtc.wisc.edu: Assertion ERROR on (lvm_setup_successful)
	0  -  Run Bytes Sent By Job
	0  -  Run Bytes Received By Job
...
007 (253953.000.000) 2024-05-01 00:39:26 Shadow exception!
	Error from slot1_43@e4005.chtc.wisc.edu: Assertion ERROR on (lvm_setup_successful)
	0  -  Run Bytes Sent By Job
	0  -  Run Bytes Received By Job
...
007 (253953.000.000) 2024-05-01 00:39:32 Shadow exception!
	Error from slot1_43@e4005.chtc.wisc.edu: Assertion ERROR on (lvm_setup_successful)
	0  -  Run Bytes Sent By Job
	0  -  Run Bytes Received By Job
...
007 (253953.000.000) 2024-05-01 00:39:38 Shadow exception!
	Error from slot1_43@e4005.chtc.wisc.edu: Assertion ERROR on (lvm_setup_successful)
	0  -  Run Bytes Sent By Job
	0  -  Run Bytes Received By Job
...
007 (253953.000.000) 2024-05-01 00:39:44 Shadow exception!
	Error from slot1_43@e4005.chtc.wisc.edu: Assertion ERROR on (lvm_setup_successful)
	0  -  Run Bytes Sent By Job
	0  -  Run Bytes Received By Job
...
007 (253953.000.000) 2024-05-01 00:40:19 Shadow exception!
	Error from slot1_43@e4005.chtc.wisc.edu: Assertion ERROR on (lvm_setup_successful)
	0  -  Run Bytes Sent By Job
	0  -  Run Bytes Received By Job
...
007 (253953.000.000) 2024-05-01 00:40:25 Shadow exception!
	Error from slot1_43@e4005.chtc.wisc.edu: Assertion ERROR on (lvm_setup_successful)
	0  -  Run Bytes Sent By Job
	0  -  Run Bytes Received By Job
...
007 (253953.000.000) 2024-05-01 00:40:32 Shadow exception!
	Error from slot1_43@e4005.chtc.wisc.edu: Assertion ERROR on (lvm_setup_successful)
	0  -  Run Bytes Sent By Job
	0  -  Run Bytes Received By Job
...
007 (253953.000.000) 2024-05-01 00:40:38 Shadow exception!
	Error from slot1_43@e4005.chtc.wisc.edu: Assertion ERROR on (lvm_setup_successful)
	0  -  Run Bytes Sent By Job
	0  -  Run Bytes Received By Job
...
007 (253953.000.000) 2024-05-01 00:40:44 Shadow exception!
	Error from slot1_43@e4005.chtc.wisc.edu: Assertion ERROR on (lvm_setup_successful)
	0  -  Run Bytes Sent By Job
	0  -  Run Bytes Received By Job
...
007 (253953.000.000) 2024-05-01 00:41:21 Shadow exception!
	Error from slot1_43@e4005.chtc.wisc.edu: Assertion ERROR on (lvm_setup_successful)
	0  -  Run Bytes Sent By Job
	0  -  Run Bytes Received By Job
...
007 (253953.000.000) 2024-05-01 00:41:27 Shadow exception!
	Error from slot1_43@e4005.chtc.wisc.edu: Assertion ERROR on (lvm_setup_successful)
	0  -  Run Bytes Sent By Job
	0  -  Run Bytes Received By Job
...
007 (253953.000.000) 2024-05-01 00:41:34 Shadow exception!
	Error from slot1_43@e4005.chtc.wisc.edu: Assertion ERROR on (lvm_setup_successful)
	0  -  Run Bytes Sent By Job
	0  -  Run Bytes Received By Job
...
007 (253953.000.000) 2024-05-01 00:41:40 Shadow exception!
	Error from slot1_43@e4005.chtc.wisc.edu: Assertion ERROR on (lvm_setup_successful)
	0  -  Run Bytes Sent By Job
	0  -  Run Bytes Received By Job
...
007 (253953.000.000) 2024-05-01 00:41:46 Shadow exception!
	Error from slot1_43@e4005.chtc.wisc.edu: Assertion ERROR on (lvm_setup_successful)
	0  -  Run Bytes Sent By Job
	0  -  Run Bytes Received By Job
...
007 (253953.000.000) 2024-05-01 00:42:20 Shadow exception!
	Error from slot1_43@e4005.chtc.wisc.edu: Assertion ERROR on (lvm_setup_successful)
	0  -  Run Bytes Sent By Job
	0  -  Run Bytes Received By Job
...
007 (253953.000.000) 2024-05-01 00:42:26 Shadow exception!
	Error from slot1_43@e4005.chtc.wisc.edu: Assertion ERROR on (lvm_setup_successful)
	0  -  Run Bytes Sent By Job
	0  -  Run Bytes Received By Job
...
007 (253953.000.000) 2024-05-01 00:42:32 Shadow exception!
	Error from slot1_43@e4005.chtc.wisc.edu: Assertion ERROR on (lvm_setup_successful)
	0  -  Run Bytes Sent By Job
	0  -  Run Bytes Received By Job
...
007 (253953.000.000) 2024-05-01 00:42:39 Shadow exception!
	Error from slot1_43@e4005.chtc.wisc.edu: Assertion ERROR on (lvm_setup_successful)
	0  -  Run Bytes Sent By Job
	0  -  Run Bytes Received By Job
...
007 (253953.000.000) 2024-05-01 00:42:45 Shadow exception!
	Error from slot1_43@e4005.chtc.wisc.edu: Assertion ERROR on (lvm_setup_successful)
	0  -  Run Bytes Sent By Job
	0  -  Run Bytes Received By Job
...
007 (253953.000.000) 2024-05-01 00:43:18 Shadow exception!
	Error from slot1_43@e4005.chtc.wisc.edu: Assertion ERROR on (lvm_setup_successful)
	0  -  Run Bytes Sent By Job
	0  -  Run Bytes Received By Job
...
007 (253953.000.000) 2024-05-01 00:43:25 Shadow exception!
	Error from slot1_43@e4005.chtc.wisc.edu: Assertion ERROR on (lvm_setup_successful)
	0  -  Run Bytes Sent By Job
	0  -  Run Bytes Received By Job
...
007 (253953.000.000) 2024-05-01 00:43:31 Shadow exception!
	Error from slot1_43@e4005.chtc.wisc.edu: Assertion ERROR on (lvm_setup_successful)
	0  -  Run Bytes Sent By Job
	0  -  Run Bytes Received By Job
...
007 (253953.000.000) 2024-05-01 00:43:38 Shadow exception!
	Error from slot1_43@e4005.chtc.wisc.edu: Assertion ERROR on (lvm_setup_successful)
	0  -  Run Bytes Sent By Job
	0  -  Run Bytes Received By Job
...
007 (253953.000.000) 2024-05-01 00:43:44 Shadow exception!
	Error from slot1_43@e4005.chtc.wisc.edu: Assertion ERROR on (lvm_setup_successful)
	0  -  Run Bytes Sent By Job
	0  -  Run Bytes Received By Job
...
007 (253953.000.000) 2024-05-01 00:44:18 Shadow exception!
	Error from slot1_43@e4005.chtc.wisc.edu: Assertion ERROR on (lvm_setup_successful)
	0  -  Run Bytes Sent By Job
	0  -  Run Bytes Received By Job
...
007 (253953.000.000) 2024-05-01 00:44:25 Shadow exception!
	Error from slot1_43@e4005.chtc.wisc.edu: Assertion ERROR on (lvm_setup_successful)
	0  -  Run Bytes Sent By Job
	0  -  Run Bytes Received By Job
...
007 (253953.000.000) 2024-05-01 00:44:31 Shadow exception!
	Error from slot1_43@e4005.chtc.wisc.edu: Assertion ERROR on (lvm_setup_successful)
	0  -  Run Bytes Sent By Job
	0  -  Run Bytes Received By Job
...
007 (253953.000.000) 2024-05-01 00:44:38 Shadow exception!
	Error from slot1_43@e4005.chtc.wisc.edu: Assertion ERROR on (lvm_setup_successful)
	0  -  Run Bytes Sent By Job
	0  -  Run Bytes Received By Job
...
007 (253953.000.000) 2024-05-01 00:44:44 Shadow exception!
	Error from slot1_43@e4005.chtc.wisc.edu: Assertion ERROR on (lvm_setup_successful)
	0  -  Run Bytes Sent By Job
	0  -  Run Bytes Received By Job
...
040 (253953.000.000) 2024-05-01 00:45:20 Started transferring input files
	Transferring to host: <128.105.69.100:9618?addrs=128.105.69.100-9618+[2607-f388-2200-100-1270-fdff-fe56-4634]-9618&alias=e4011.chtc.wisc.edu&noUDP&sock=slot1_40_1508296_ba8f_53206>
...
040 (253953.000.000) 2024-05-01 00:45:21 Finished transferring input files
...
001 (253953.000.000) 2024-05-01 00:45:22 Job executing on host: <128.105.69.100:9618?addrs=128.105.69.100-9618+[2607-f388-2200-100-1270-fdff-fe56-4634]-9618&alias=e4011.chtc.wisc.edu&noUDP&sock=startd_3796853_ed83>
	SlotName: slot1_40@e4011.chtc.wisc.edu
	CondorScratchDir = "/var/lib/condor/execute/slot1/dir_663160"
	Cpus = 1
	Disk = 52429953
	GPUs = 0
	IoHeavy = 0
	Memory = 3072
...
006 (253953.000.000) 2024-05-01 00:45:30 Image size of job updated: 716048
	693  -  MemoryUsage of job (MB)
	708916  -  ResidentSetSize of job (KB)
...
006 (253953.000.000) 2024-05-01 00:50:31 Image size of job updated: 3145732
	3072  -  MemoryUsage of job (MB)
	3145712  -  ResidentSetSize of job (KB)
...
040 (253953.000.000) 2024-05-01 00:51:54 Started transferring output files
...
040 (253953.000.000) 2024-05-01 00:52:09 Finished transferring output files
...
005 (253953.000.000) 2024-05-01 00:52:11 Job terminated.
	(1) Normal termination (return value 2)
		Usr 0 00:00:00, Sys 0 00:00:00  -  Run Remote Usage
		Usr 0 00:00:00, Sys 0 00:00:00  -  Run Local Usage
		Usr 0 00:00:00, Sys 0 00:00:00  -  Total Remote Usage
		Usr 0 00:00:00, Sys 0 00:00:00  -  Total Local Usage
	650504960  -  Run Bytes Sent By Job
	853  -  Run Bytes Received By Job
	650504960  -  Total Bytes Sent By Job
	853  -  Total Bytes Received By Job
	Partitionable Resources :       Usage  Request Allocated 
	   Cpus                 :        0.98        1         1 
	   Disk (KB)            : 37657387    52428800  52429953 
	   GPUs                 :                              0 
	   IoHeavy              :                              0 
	   Memory (MB)          :     3072        3072      3072 
	   TimeExecute (s)      :      390                       
	   TimeSlotBusy (s)     :      412                       

	Job terminated of its own accord at 2024-05-01T05:51:52Z with exit-code 2.
...
