Collecting kaggle
  Using cached kaggle-1.6.12.tar.gz (79 kB)
  Preparing metadata (setup.py): started
  Preparing metadata (setup.py): finished with status 'done'
Collecting numpy
  Using cached numpy-1.21.6-cp37-cp37m-manylinux_2_12_x86_64.manylinux2010_x86_64.whl (15.7 MB)
Collecting pandas
  Using cached pandas-1.3.5-cp37-cp37m-manylinux_2_17_x86_64.manylinux2014_x86_64.whl (11.3 MB)
Collecting scikit-learn
  Using cached scikit_learn-1.0.2-cp37-cp37m-manylinux_2_17_x86_64.manylinux2014_x86_64.whl (24.8 MB)
Collecting six>=1.10
  Using cached six-1.16.0-py2.py3-none-any.whl (11 kB)
Collecting certifi>=2023.7.22
  Using cached certifi-2024.2.2-py3-none-any.whl (163 kB)
Collecting python-dateutil
  Using cached python_dateutil-2.9.0.post0-py2.py3-none-any.whl (229 kB)
Collecting requests
  Using cached requests-2.31.0-py3-none-any.whl (62 kB)
Collecting tqdm
  Using cached tqdm-4.66.2-py3-none-any.whl (78 kB)
Collecting python-slugify
  Using cached python_slugify-8.0.4-py2.py3-none-any.whl (10 kB)
Collecting urllib3
  Using cached urllib3-2.0.7-py3-none-any.whl (124 kB)
Collecting bleach
  Using cached bleach-6.0.0-py3-none-any.whl (162 kB)
Collecting pytz>=2017.3
  Using cached pytz-2024.1-py2.py3-none-any.whl (505 kB)
Collecting scipy>=1.1.0
  Using cached scipy-1.7.3-cp37-cp37m-manylinux_2_12_x86_64.manylinux2010_x86_64.whl (38.1 MB)
Collecting threadpoolctl>=2.0.0
  Using cached threadpoolctl-3.1.0-py3-none-any.whl (14 kB)
Collecting joblib>=0.11
  Using cached joblib-1.3.2-py3-none-any.whl (302 kB)
Collecting webencodings
  Using cached webencodings-0.5.1-py2.py3-none-any.whl (11 kB)
Collecting text-unidecode>=1.3
  Using cached text_unidecode-1.3-py2.py3-none-any.whl (78 kB)
Collecting idna<4,>=2.5
  Using cached idna-3.7-py3-none-any.whl (66 kB)
Collecting charset-normalizer<4,>=2
  Using cached charset_normalizer-3.3.2-cp37-cp37m-manylinux_2_17_x86_64.manylinux2014_x86_64.whl (136 kB)
Using legacy 'setup.py install' for kaggle, since package 'wheel' is not installed.
Installing collected packages: webencodings, text-unidecode, pytz, urllib3, tqdm, threadpoolctl, six, python-slugify, numpy, joblib, idna, charset-normalizer, certifi, scipy, requests, python-dateutil, bleach, scikit-learn, pandas, kaggle
  Running setup.py install for kaggle: started
  Running setup.py install for kaggle: finished with status 'done'
Successfully installed bleach-6.0.0 certifi-2024.2.2 charset-normalizer-3.3.2 idna-3.7 joblib-1.3.2 kaggle-1.6.12 numpy-1.21.6 pandas-1.3.5 python-dateutil-2.9.0.post0 python-slugify-8.0.4 pytz-2024.1 requests-2.31.0 scikit-learn-1.0.2 scipy-1.7.3 six-1.16.0 text-unidecode-1.3 threadpoolctl-3.1.0 tqdm-4.66.2 urllib3-2.0.7 webencodings-0.5.1
Kaggle API 1.6.12
Dataset URL: https://www.kaggle.com/datasets/gsimonx37/letterboxd
License(s): GPL-3.0
Downloading letterboxd.zip to /var/lib/condor/execute/slot1/dir_663160

