000 (253696.000.000) 2024-04-29 05:48:44 Job submitted from host: <128.104.100.148:9618?addrs=128.104.100.148-9618+[2607-f388-107c-501-216-3eff-feb2-bc11]-9618&alias=learn.chtc.wisc.edu&noUDP&sock=schedd_1351356_64bc>
...
040 (253696.000.000) 2024-04-29 05:48:46 Started transferring input files
	Transferring to host: <128.105.69.192:9618?addrs=128.105.69.192-9618+[2607-f388-2200-100-1270-fdff-fe56-bc04]-9618&alias=build4002.chtc.wisc.edu&noUDP&sock=interactive3_1_1095235_e312_111846>
...
040 (253696.000.000) 2024-04-29 05:48:46 Finished transferring input files
...
001 (253696.000.000) 2024-04-29 05:48:47 Job executing on host: <128.105.69.192:9618?addrs=128.105.69.192-9618+[2607-f388-2200-100-1270-fdff-fe56-bc04]-9618&alias=build4002.chtc.wisc.edu&noUDP&sock=startd_2072560_59af>
	SlotName: interactive3_1@build4002.chtc.wisc.edu
	CondorScratchDir = "/var/lib/condor/execute/slot3/dir_2194429"
	Cpus = 1
	Disk = 2098305
	GPUs = 0
	IoHeavy = 0
	Memory = 2048
...
006 (253696.000.000) 2024-04-29 05:48:56 Image size of job updated: 1000
	1  -  MemoryUsage of job (MB)
	592  -  ResidentSetSize of job (KB)
...
006 (253696.000.000) 2024-04-29 05:48:58 Image size of job updated: 5288
	7  -  MemoryUsage of job (MB)
	6712  -  ResidentSetSize of job (KB)
...
006 (253696.000.000) 2024-04-29 05:49:49 Image size of job updated: 12472
	9  -  MemoryUsage of job (MB)
	8424  -  ResidentSetSize of job (KB)
...
040 (253696.000.000) 2024-04-29 05:49:49 Started transferring output files
...
040 (253696.000.000) 2024-04-29 05:49:49 Finished transferring output files
...
005 (253696.000.000) 2024-04-29 05:49:49 Job terminated.
	(1) Normal termination (return value 0)
		Usr 0 00:00:00, Sys 0 00:00:00  -  Run Remote Usage
		Usr 0 00:00:00, Sys 0 00:00:00  -  Run Local Usage
		Usr 0 00:00:00, Sys 0 00:00:00  -  Total Remote Usage
		Usr 0 00:00:00, Sys 0 00:00:00  -  Total Local Usage
	289  -  Run Bytes Sent By Job
	964536  -  Run Bytes Received By Job
	289  -  Total Bytes Sent By Job
	964536  -  Total Bytes Received By Job
	Partitionable Resources :    Usage  Request Allocated 
	   Cpus                 :        0        1         1 
	   Disk (KB)            :      969  2097152   2098305 
	   GPUs                 :                           0 
	   IoHeavy              :                           0 
	   Memory (MB)          :        9     2048      2048 
	   TimeExecute (s)      :       62                    
	   TimeSlotBusy (s)     :       63                    

	Job terminated of its own accord at 2024-04-29T10:48:58Z with signal 15.
...
000 (253697.000.000) 2024-04-29 05:49:52 Job submitted from host: <128.104.100.148:9618?addrs=128.104.100.148-9618+[2607-f388-107c-501-216-3eff-feb2-bc11]-9618&alias=learn.chtc.wisc.edu&noUDP&sock=schedd_1351356_64bc>
...
040 (253697.000.000) 2024-04-29 05:50:05 Started transferring input files
	Transferring to host: <128.105.69.192:9618?addrs=128.105.69.192-9618+[2607-f388-2200-100-1270-fdff-fe56-bc04]-9618&alias=build4002.chtc.wisc.edu&noUDP&sock=interactive3_1_1095235_e312_111853>
...
040 (253697.000.000) 2024-04-29 05:50:05 Finished transferring input files
...
001 (253697.000.000) 2024-04-29 05:50:06 Job executing on host: <128.105.69.192:9618?addrs=128.105.69.192-9618+[2607-f388-2200-100-1270-fdff-fe56-bc04]-9618&alias=build4002.chtc.wisc.edu&noUDP&sock=startd_2072560_59af>
	SlotName: interactive3_1@build4002.chtc.wisc.edu
	CondorScratchDir = "/var/lib/condor/execute/slot3/dir_2194893"
	Cpus = 1
	Disk = 2098305
	GPUs = 0
	IoHeavy = 0
	Memory = 2048
...
006 (253697.000.000) 2024-04-29 05:50:14 Image size of job updated: 1180
	1  -  MemoryUsage of job (MB)
	632  -  ResidentSetSize of job (KB)
...
006 (253697.000.000) 2024-04-29 05:50:16 Image size of job updated: 6356
	8  -  MemoryUsage of job (MB)
	7928  -  ResidentSetSize of job (KB)
...
006 (253697.000.000) 2024-04-29 05:51:21 Image size of job updated: 12584
	10  -  MemoryUsage of job (MB)
	9804  -  ResidentSetSize of job (KB)
...
040 (253697.000.000) 2024-04-29 05:51:21 Started transferring output files
...
040 (253697.000.000) 2024-04-29 05:51:21 Finished transferring output files
...
005 (253697.000.000) 2024-04-29 05:51:21 Job terminated.
	(1) Normal termination (return value 0)
		Usr 0 00:00:00, Sys 0 00:00:00  -  Run Remote Usage
		Usr 0 00:00:00, Sys 0 00:00:00  -  Run Local Usage
		Usr 0 00:00:00, Sys 0 00:00:00  -  Total Remote Usage
		Usr 0 00:00:00, Sys 0 00:00:00  -  Total Local Usage
	374  -  Run Bytes Sent By Job
	964608  -  Run Bytes Received By Job
	374  -  Total Bytes Sent By Job
	964608  -  Total Bytes Received By Job
	Partitionable Resources :    Usage  Request Allocated 
	   Cpus                 :        0        1         1 
	   Disk (KB)            :      969  2097152   2098305 
	   GPUs                 :                           0 
	   IoHeavy              :                           0 
	   Memory (MB)          :       10     2048      2048 
	   TimeExecute (s)      :       75                    
	   TimeSlotBusy (s)     :       77                    

	Job terminated of its own accord at 2024-04-29T10:50:16Z with signal 15.
...
000 (253698.000.000) 2024-04-29 05:51:23 Job submitted from host: <128.104.100.148:9618?addrs=128.104.100.148-9618+[2607-f388-107c-501-216-3eff-feb2-bc11]-9618&alias=learn.chtc.wisc.edu&noUDP&sock=schedd_1351356_64bc>
...
040 (253698.000.000) 2024-04-29 05:51:29 Started transferring input files
	Transferring to host: <128.105.69.192:9618?addrs=128.105.69.192-9618+[2607-f388-2200-100-1270-fdff-fe56-bc04]-9618&alias=build4002.chtc.wisc.edu&noUDP&sock=interactive3_1_1095235_e312_111855>
...
040 (253698.000.000) 2024-04-29 05:51:30 Finished transferring input files
...
001 (253698.000.000) 2024-04-29 05:51:31 Job executing on host: <128.105.69.192:9618?addrs=128.105.69.192-9618+[2607-f388-2200-100-1270-fdff-fe56-bc04]-9618&alias=build4002.chtc.wisc.edu&noUDP&sock=startd_2072560_59af>
	SlotName: interactive3_1@build4002.chtc.wisc.edu
	CondorScratchDir = "/var/lib/condor/execute/slot3/dir_2195105"
	Cpus = 1
	Disk = 2098305
	GPUs = 0
	IoHeavy = 0
	Memory = 2048
...
006 (253698.000.000) 2024-04-29 05:51:40 Image size of job updated: 1000
	0  -  MemoryUsage of job (MB)
	0  -  ResidentSetSize of job (KB)
...
006 (253698.000.000) 2024-04-29 05:51:42 Image size of job updated: 6716
	9  -  MemoryUsage of job (MB)
	8244  -  ResidentSetSize of job (KB)
...
006 (253698.000.000) 2024-04-29 05:56:40 Image size of job updated: 2095880
	1984  -  MemoryUsage of job (MB)
	2031020  -  ResidentSetSize of job (KB)
...
007 (253698.000.000) 2024-04-29 05:56:40 Shadow exception!
	Error from interactive3_1@build4002.chtc.wisc.edu: disk usage exceeded request_disk
	0  -  Run Bytes Sent By Job
	964665  -  Run Bytes Received By Job
...
012 (253698.000.000) 2024-04-29 05:56:40 Job was held.
	Error from interactive3_1@build4002.chtc.wisc.edu: disk usage exceeded request_disk
	Code 21 Subcode 103
...
000 (253699.000.000) 2024-04-29 06:00:31 Job submitted from host: <128.104.100.148:9618?addrs=128.104.100.148-9618+[2607-f388-107c-501-216-3eff-feb2-bc11]-9618&alias=learn.chtc.wisc.edu&noUDP&sock=schedd_1351356_64bc>
...
040 (253699.000.000) 2024-04-29 06:02:31 Started transferring input files
	Transferring to host: <128.105.69.223:9618?addrs=128.105.69.223-9618+[2607-f388-2200-100-eaeb-d3ff-fe3f-fef4]-9618&alias=e2606.chtc.wisc.edu&noUDP&sock=slot1_87_3488165_8bee_47556>
...
040 (253699.000.000) 2024-04-29 06:02:32 Finished transferring input files
...
001 (253699.000.000) 2024-04-29 06:02:32 Job executing on host: <128.105.69.223:9618?addrs=128.105.69.223-9618+[2607-f388-2200-100-eaeb-d3ff-fe3f-fef4]-9618&alias=e2606.chtc.wisc.edu&noUDP&sock=startd_17249_f530>
	SlotName: slot1_87@e2606.chtc.wisc.edu
	CondorScratchDir = "/var/lib/condor/execute/slot1/dir_3143866"
	Cpus = 1
	Disk = 5244272
	GPUs = 0
	IoHeavy = 0
	Memory = 2048
...
006 (253699.000.000) 2024-04-29 06:02:39 Image size of job updated: 256
	1  -  MemoryUsage of job (MB)
	8  -  ResidentSetSize of job (KB)
...
040 (253699.000.000) 2024-04-29 06:02:39 Started transferring output files
...
040 (253699.000.000) 2024-04-29 06:02:39 Finished transferring output files
...
007 (253699.000.000) 2024-04-29 06:02:39 Shadow exception!
	Error from slot1_87@e2606.chtc.wisc.edu: STARTER at 128.105.69.223 failed to send file(s) to <128.104.100.148:9618>: |Error: reading from file /var/lib/condor/execute/slot1/dir_3143866/downloaded_data.csv: (errno 2) No such file or directory; SHADOW failed to receive file(s) from <128.105.69.223:36417>
	0  -  Run Bytes Sent By Job
	676  -  Run Bytes Received By Job
...
012 (253699.000.000) 2024-04-29 06:02:39 Job was held.
	Transfer output files failure at execution point slot1_87@e2606.chtc.wisc.edu while sending files to access point learn. Details: reading from file /var/lib/condor/execute/slot1/dir_3143866/downloaded_data.csv: (errno 2) No such file or directory
	Code 12 Subcode 2
...
000 (253700.000.000) 2024-04-29 06:03:29 Job submitted from host: <128.104.100.148:9618?addrs=128.104.100.148-9618+[2607-f388-107c-501-216-3eff-feb2-bc11]-9618&alias=learn.chtc.wisc.edu&noUDP&sock=schedd_1351356_64bc>
...
040 (253700.000.000) 2024-04-29 06:03:42 Started transferring input files
	Transferring to host: <128.105.69.192:9618?addrs=128.105.69.192-9618+[2607-f388-2200-100-1270-fdff-fe56-bc04]-9618&alias=build4002.chtc.wisc.edu&noUDP&sock=interactive3_1_1095235_e312_111892>
...
040 (253700.000.000) 2024-04-29 06:03:43 Finished transferring input files
...
001 (253700.000.000) 2024-04-29 06:03:43 Job executing on host: <128.105.69.192:9618?addrs=128.105.69.192-9618+[2607-f388-2200-100-1270-fdff-fe56-bc04]-9618&alias=build4002.chtc.wisc.edu&noUDP&sock=startd_2072560_59af>
	SlotName: interactive3_1@build4002.chtc.wisc.edu
	CondorScratchDir = "/var/lib/condor/execute/slot3/dir_2202761"
	Cpus = 1
	Disk = 5244033
	GPUs = 0
	IoHeavy = 0
	Memory = 2048
...
006 (253700.000.000) 2024-04-29 06:03:51 Image size of job updated: 1000
	1  -  MemoryUsage of job (MB)
	600  -  ResidentSetSize of job (KB)
...
006 (253700.000.000) 2024-04-29 06:03:53 Image size of job updated: 7000
	9  -  MemoryUsage of job (MB)
	8576  -  ResidentSetSize of job (KB)
...
006 (253700.000.000) 2024-04-29 06:07:17 Image size of job updated: 2095880
	1979  -  MemoryUsage of job (MB)
	2026460  -  ResidentSetSize of job (KB)
...
040 (253700.000.000) 2024-04-29 06:07:17 Started transferring output files
...
040 (253700.000.000) 2024-04-29 06:07:17 Finished transferring output files
...
007 (253700.000.000) 2024-04-29 06:07:17 Shadow exception!
	Error from interactive3_1@build4002.chtc.wisc.edu: STARTER at 128.105.69.192 failed to send file(s) to <128.104.100.148:9618>: |Error: reading from file /var/lib/condor/execute/slot3/dir_2202761/downloaded_data.csv: (errno 2) No such file or directory; SHADOW failed to receive file(s) from <128.105.69.192:36989>
	0  -  Run Bytes Sent By Job
	129  -  Run Bytes Received By Job
...
012 (253700.000.000) 2024-04-29 06:07:17 Job was held.
	Transfer output files failure at execution point interactive3_1@build4002.chtc.wisc.edu while sending files to access point learn. Details: reading from file /var/lib/condor/execute/slot3/dir_2202761/downloaded_data.csv: (errno 2) No such file or directory
	Code 12 Subcode 2
...
000 (253701.000.000) 2024-04-29 06:07:49 Job submitted from host: <128.104.100.148:9618?addrs=128.104.100.148-9618+[2607-f388-107c-501-216-3eff-feb2-bc11]-9618&alias=learn.chtc.wisc.edu&noUDP&sock=schedd_1351356_64bc>
...
040 (253701.000.000) 2024-04-29 06:07:59 Started transferring input files
	Transferring to host: <128.105.69.192:9618?addrs=128.105.69.192-9618+[2607-f388-2200-100-1270-fdff-fe56-bc04]-9618&alias=build4002.chtc.wisc.edu&noUDP&sock=interactive3_1_1095235_e312_111915>
...
040 (253701.000.000) 2024-04-29 06:08:01 Finished transferring input files
...
001 (253701.000.000) 2024-04-29 06:08:01 Job executing on host: <128.105.69.192:9618?addrs=128.105.69.192-9618+[2607-f388-2200-100-1270-fdff-fe56-bc04]-9618&alias=build4002.chtc.wisc.edu&noUDP&sock=startd_2072560_59af>
	SlotName: interactive3_1@build4002.chtc.wisc.edu
	CondorScratchDir = "/var/lib/condor/execute/slot3/dir_2206813"
	Cpus = 1
	Disk = 5244033
	GPUs = 0
	IoHeavy = 0
	Memory = 2048
...
006 (253701.000.000) 2024-04-29 06:08:10 Image size of job updated: 1184
	1  -  MemoryUsage of job (MB)
	636  -  ResidentSetSize of job (KB)
...
006 (253701.000.000) 2024-04-29 06:08:14 Image size of job updated: 7292
	9  -  MemoryUsage of job (MB)
	8860  -  ResidentSetSize of job (KB)
...
006 (253701.000.000) 2024-04-29 06:13:11 Image size of job updated: 2096080
	2047  -  MemoryUsage of job (MB)
	2095600  -  ResidentSetSize of job (KB)
...
007 (253701.000.000) 2024-04-29 06:13:13 Shadow exception!
	Error from interactive3_1@build4002.chtc.wisc.edu: disk usage exceeded request_disk
	0  -  Run Bytes Sent By Job
	129  -  Run Bytes Received By Job
...
012 (253701.000.000) 2024-04-29 06:13:13 Job was held.
	Error from interactive3_1@build4002.chtc.wisc.edu: disk usage exceeded request_disk
	Code 21 Subcode 103
...
009 (253698.000.000) 2024-04-29 06:14:42 Job was aborted.
	via condor_rm (by user jrchristens2)

	Job terminated by itself at 2024-04-29T10:51:42Z (using method 0: OF_ITS_OWN_ACCORD).
...
009 (253699.000.000) 2024-04-29 06:14:42 Job was aborted.
	via condor_rm (by user jrchristens2)

	Job terminated by itself at 2024-04-29T11:02:39Z (using method 0: OF_ITS_OWN_ACCORD).
...
009 (253700.000.000) 2024-04-29 06:14:42 Job was aborted.
	via condor_rm (by user jrchristens2)

	Job terminated by itself at 2024-04-29T11:03:53Z (using method 0: OF_ITS_OWN_ACCORD).
...
009 (253701.000.000) 2024-04-29 06:14:42 Job was aborted.
	via condor_rm (by user jrchristens2)

	Job terminated by itself at 2024-04-29T11:08:14Z (using method 0: OF_ITS_OWN_ACCORD).
...
000 (253705.000.000) 2024-04-29 06:15:23 Job submitted from host: <128.104.100.148:9618?addrs=128.104.100.148-9618+[2607-f388-107c-501-216-3eff-feb2-bc11]-9618&alias=learn.chtc.wisc.edu&noUDP&sock=schedd_1351356_64bc>
...
040 (253705.000.000) 2024-04-29 06:16:25 Started transferring input files
	Transferring to host: <128.105.69.215:9618?addrs=128.105.69.215-9618+[2607-f388-2200-100-eaeb-d3ff-fe40-154c]-9618&alias=e2598.chtc.wisc.edu&noUDP&sock=slot1_20_2118787_dda9_4023>
...
040 (253705.000.000) 2024-04-29 06:16:27 Finished transferring input files
...
001 (253705.000.000) 2024-04-29 06:16:27 Job executing on host: <128.105.69.215:9618?addrs=128.105.69.215-9618+[2607-f388-2200-100-eaeb-d3ff-fe40-154c]-9618&alias=e2598.chtc.wisc.edu&noUDP&sock=startd_16224_e49d>
	SlotName: slot1_20@e2598.chtc.wisc.edu
	CondorScratchDir = "/var/lib/condor/execute/slot1/dir_3000025"
	Cpus = 1
	Disk = 5244100
	GPUs = 0
	IoHeavy = 0
	Memory = 2048
...
006 (253705.000.000) 2024-04-29 06:16:34 Image size of job updated: 256
	1  -  MemoryUsage of job (MB)
	8  -  ResidentSetSize of job (KB)
...
040 (253705.000.000) 2024-04-29 06:16:35 Started transferring output files
...
040 (253705.000.000) 2024-04-29 06:16:35 Finished transferring output files
...
007 (253705.000.000) 2024-04-29 06:16:35 Shadow exception!
	Error from slot1_20@e2598.chtc.wisc.edu: STARTER at 128.105.69.215 failed to send file(s) to <128.104.100.148:9618>: |Error: reading from file /var/lib/condor/execute/slot1/dir_3000025/downloaded_data.csv: (errno 2) No such file or directory; SHADOW failed to receive file(s) from <128.105.69.215:37053>
	0  -  Run Bytes Sent By Job
	676  -  Run Bytes Received By Job
...
012 (253705.000.000) 2024-04-29 06:16:35 Job was held.
	Transfer output files failure at execution point slot1_20@e2598.chtc.wisc.edu while sending files to access point learn. Details: reading from file /var/lib/condor/execute/slot1/dir_3000025/downloaded_data.csv: (errno 2) No such file or directory
	Code 12 Subcode 2
...
000 (253706.000.000) 2024-04-29 06:17:21 Job submitted from host: <128.104.100.148:9618?addrs=128.104.100.148-9618+[2607-f388-107c-501-216-3eff-feb2-bc11]-9618&alias=learn.chtc.wisc.edu&noUDP&sock=schedd_1351356_64bc>
...
040 (253706.000.000) 2024-04-29 06:18:04 Started transferring input files
	Transferring to host: <128.105.69.215:9618?addrs=128.105.69.215-9618+[2607-f388-2200-100-eaeb-d3ff-fe40-154c]-9618&alias=e2598.chtc.wisc.edu&noUDP&sock=slot1_20_2118787_dda9_4025>
...
040 (253706.000.000) 2024-04-29 06:18:06 Finished transferring input files
...
001 (253706.000.000) 2024-04-29 06:18:06 Job executing on host: <128.105.69.215:9618?addrs=128.105.69.215-9618+[2607-f388-2200-100-eaeb-d3ff-fe40-154c]-9618&alias=e2598.chtc.wisc.edu&noUDP&sock=startd_16224_e49d>
	SlotName: slot1_20@e2598.chtc.wisc.edu
	CondorScratchDir = "/var/lib/condor/execute/slot1/dir_3002766"
	Cpus = 1
	Disk = 5244100
	GPUs = 0
	IoHeavy = 0
	Memory = 2048
...
006 (253706.000.000) 2024-04-29 06:18:09 Image size of job updated: 290688
	246  -  MemoryUsage of job (MB)
	251200  -  ResidentSetSize of job (KB)
...
040 (253706.000.000) 2024-04-29 06:18:09 Started transferring output files
...
040 (253706.000.000) 2024-04-29 06:18:09 Finished transferring output files
...
007 (253706.000.000) 2024-04-29 06:18:09 Shadow exception!
	Error from slot1_20@e2598.chtc.wisc.edu: STARTER at 128.105.69.215 failed to send file(s) to <128.104.100.148:9618>: |Error: reading from file /var/lib/condor/execute/slot1/dir_3002766/downloaded_data.csv: (errno 2) No such file or directory; SHADOW failed to receive file(s) from <128.105.69.215:39457>
	0  -  Run Bytes Sent By Job
	676  -  Run Bytes Received By Job
...
012 (253706.000.000) 2024-04-29 06:18:09 Job was held.
	Transfer output files failure at execution point slot1_20@e2598.chtc.wisc.edu while sending files to access point learn. Details: reading from file /var/lib/condor/execute/slot1/dir_3002766/downloaded_data.csv: (errno 2) No such file or directory
	Code 12 Subcode 2
...
009 (253705.000.000) 2024-04-29 06:20:18 Job was aborted.
	via condor_rm (by user jrchristens2)

	Job terminated by itself at 2024-04-29T11:16:34Z (using method 0: OF_ITS_OWN_ACCORD).
...
009 (253706.000.000) 2024-04-29 06:20:18 Job was aborted.
	via condor_rm (by user jrchristens2)

	Job terminated by itself at 2024-04-29T11:18:09Z (using method 0: OF_ITS_OWN_ACCORD).
...
000 (253707.000.000) 2024-04-29 06:20:31 Job submitted from host: <128.104.100.148:9618?addrs=128.104.100.148-9618+[2607-f388-107c-501-216-3eff-feb2-bc11]-9618&alias=learn.chtc.wisc.edu&noUDP&sock=schedd_1351356_64bc>
...
040 (253707.000.000) 2024-04-29 06:21:00 Started transferring input files
	Transferring to host: <128.105.69.215:9618?addrs=128.105.69.215-9618+[2607-f388-2200-100-eaeb-d3ff-fe40-154c]-9618&alias=e2598.chtc.wisc.edu&noUDP&sock=slot1_36_2118787_dda9_4035>
...
040 (253707.000.000) 2024-04-29 06:21:02 Finished transferring input files
...
001 (253707.000.000) 2024-04-29 06:21:03 Job executing on host: <128.105.69.215:9618?addrs=128.105.69.215-9618+[2607-f388-2200-100-eaeb-d3ff-fe40-154c]-9618&alias=e2598.chtc.wisc.edu&noUDP&sock=startd_16224_e49d>
	SlotName: slot1_36@e2598.chtc.wisc.edu
	CondorScratchDir = "/var/lib/condor/execute/slot1/dir_3006038"
	Cpus = 1
	Disk = 5244100
	GPUs = 0
	IoHeavy = 0
	Memory = 2048
...
006 (253707.000.000) 2024-04-29 06:21:07 Image size of job updated: 256
	1  -  MemoryUsage of job (MB)
	8  -  ResidentSetSize of job (KB)
...
040 (253707.000.000) 2024-04-29 06:21:07 Finished transferring output files
...
005 (253707.000.000) 2024-04-29 06:21:07 Job terminated.
	(1) Normal termination (return value 1)
		Usr 0 00:00:00, Sys 0 00:00:00  -  Run Remote Usage
		Usr 0 00:00:00, Sys 0 00:00:00  -  Run Local Usage
		Usr 0 00:00:00, Sys 0 00:00:00  -  Total Remote Usage
		Usr 0 00:00:00, Sys 0 00:00:00  -  Total Local Usage
	0  -  Run Bytes Sent By Job
	1086  -  Run Bytes Received By Job
	0  -  Total Bytes Sent By Job
	1086  -  Total Bytes Received By Job
	Partitionable Resources :    Usage  Request Allocated 
	   Cpus                 :        0        1         1 
	   Disk (KB)            :   288494  5242880   5244100 
	   GPUs                 :                           0 
	   IoHeavy              :                           0 
	   Memory (MB)          :        1     2048      2048 
	   TimeExecute (s)      :        4                    
	   TimeSlotBusy (s)     :        7                    

	Job terminated of its own accord at 2024-04-29T11:21:07Z with exit-code 1.
...
